INFO: 2025-06-07 17:16:54,718: main() 'Using profile folder /home/pd0rk1n/.config/variety/'
INFO: 2025-06-07 17:16:54,721: perform_upgrade() 'Last run version was 0.8.13 or earlier, current version is 0.8.13'
INFO: 2025-06-07 17:16:54,725: process_command() 'Received command: []'
INFO: 2025-06-07 17:16:54,727: start() 'Using data_path /usr/share/variety'
INFO: 2025-06-07 17:16:54,727: load() 'Jumble loading'
INFO: 2025-06-07 17:16:54,727: _walk_modules() 'Jumble loading module in __init__ from /usr/lib/python3.13/site-packages/variety/plugins/builtin/__init__.py'
INFO: 2025-06-07 17:16:54,728: _walk_modules() 'Jumble loading module in ArtStationSource from /usr/lib/python3.13/site-packages/variety/plugins/builtin/downloaders/ArtStationSource.py'
INFO: 2025-06-07 17:16:54,731: load() 'Jumble found plugin class: <class 'ArtStationSource.ArtStationSource'>: {'name': 'ArtStationSource', 'description': 'Configurable source for fetching images from ArtStation', 'author': 'Denis Gordeev', 'version': '0.1'}'
INFO: 2025-06-07 17:16:54,731: _walk_modules() 'Jumble loading module in NationalGeographicDownloader from /usr/lib/python3.13/site-packages/variety/plugins/builtin/downloaders/NationalGeographicDownloader.py'
INFO: 2025-06-07 17:16:54,732: load() 'Jumble found plugin class: <class 'NationalGeographicDownloader.NationalGeographicDownloader'>: {'name': 'NationalGeographicDownloader', 'description': "National Geographic's photo of the day", 'author': 'Eric Rösch', 'version': '0.1'}'
INFO: 2025-06-07 17:16:54,732: _walk_modules() 'Jumble loading module in MediaRSSDownloader from /usr/lib/python3.13/site-packages/variety/plugins/builtin/downloaders/MediaRSSDownloader.py'
INFO: 2025-06-07 17:16:54,733: _walk_modules() 'Jumble loading module in WallhavenDownloader from /usr/lib/python3.13/site-packages/variety/plugins/builtin/downloaders/WallhavenDownloader.py'
INFO: 2025-06-07 17:16:54,734: _walk_modules() 'Jumble loading module in UnsplashConfigurableSource from /usr/lib/python3.13/site-packages/variety/plugins/builtin/downloaders/UnsplashConfigurableSource.py'
INFO: 2025-06-07 17:16:54,736: load() 'Jumble found plugin class: <class 'UnsplashConfigurableSource.UnsplashConfigurableSource'>: {'name': 'UnsplashConfigurableSource', 'description': 'Configurable source for fetching photos from Unsplash.com', 'author': 'Peter Levi', 'version': '0.1'}'
INFO: 2025-06-07 17:16:54,736: _walk_modules() 'Jumble loading module in __init__ from /usr/lib/python3.13/site-packages/variety/plugins/builtin/downloaders/__init__.py'
INFO: 2025-06-07 17:16:54,736: _walk_modules() 'Jumble loading module in RedditSource from /usr/lib/python3.13/site-packages/variety/plugins/builtin/downloaders/RedditSource.py'
INFO: 2025-06-07 17:16:54,737: load() 'Jumble found plugin class: <class 'RedditSource.RedditSource'>: {'name': 'RedditSource', 'description': 'Configurable source for fetching images from Reddit', 'author': 'Peter Levi', 'version': '0.1'}'
INFO: 2025-06-07 17:16:54,737: _walk_modules() 'Jumble loading module in UnsplashDownloader from /usr/lib/python3.13/site-packages/variety/plugins/builtin/downloaders/UnsplashDownloader.py'
INFO: 2025-06-07 17:16:54,738: load() 'Jumble found plugin class: <class 'UnsplashDownloader.UnsplashDownloader'>: {'name': 'UnsplashDownloader', 'description': 'High-resolution photos from Unsplash.com', 'author': 'Peter Levi', 'version': '0.1'}'
INFO: 2025-06-07 17:16:54,738: _walk_modules() 'Jumble loading module in WallhavenLegacyDownloader from /usr/lib/python3.13/site-packages/variety/plugins/builtin/downloaders/WallhavenLegacyDownloader.py'
INFO: 2025-06-07 17:16:54,738: _walk_modules() 'Jumble loading module in APODDownloader from /usr/lib/python3.13/site-packages/variety/plugins/builtin/downloaders/APODDownloader.py'
INFO: 2025-06-07 17:16:54,739: load() 'Jumble found plugin class: <class 'APODDownloader.APODDownloader'>: {'name': 'APODDownloader', 'description': 'NASA Astro Pic of the Day', 'author': 'Peter Levi', 'version': '0.1'}'
INFO: 2025-06-07 17:16:54,739: _walk_modules() 'Jumble loading module in RedditDownloader from /usr/lib/python3.13/site-packages/variety/plugins/builtin/downloaders/RedditDownloader.py'
INFO: 2025-06-07 17:16:54,739: _walk_modules() 'Jumble loading module in WallhavenSource from /usr/lib/python3.13/site-packages/variety/plugins/builtin/downloaders/WallhavenSource.py'
INFO: 2025-06-07 17:16:54,740: load() 'Jumble found plugin class: <class 'WallhavenSource.WallhavenSource'>: {'name': 'WallhavenSource', 'description': 'Configurable source for fetching images from Wallhaven.cc', 'author': 'Peter Levi', 'version': '0.1'}'
INFO: 2025-06-07 17:16:54,740: _walk_modules() 'Jumble loading module in MediaRSSSource from /usr/lib/python3.13/site-packages/variety/plugins/builtin/downloaders/MediaRSSSource.py'
INFO: 2025-06-07 17:16:54,741: load() 'Jumble found plugin class: <class 'MediaRSSSource.MediaRSSSource'>: {'name': 'MediaRSSSource', 'description': 'Configurable source for fetching images from MediaRSS feeds', 'author': 'Peter Levi', 'version': '0.1'}'
INFO: 2025-06-07 17:16:54,741: _walk_modules() 'Jumble loading module in BingDownloader from /usr/lib/python3.13/site-packages/variety/plugins/builtin/downloaders/BingDownloader.py'
INFO: 2025-06-07 17:16:54,742: load() 'Jumble found plugin class: <class 'BingDownloader.BingDownloader'>: {'name': 'BingDownloader', 'description': 'Bing Photo of the Day', 'author': 'Peter Levi', 'version': '0.1'}'
INFO: 2025-06-07 17:16:54,742: _walk_modules() 'Jumble loading module in EarthviewDownloader from /usr/lib/python3.13/site-packages/variety/plugins/builtin/downloaders/EarthviewDownloader.py'
INFO: 2025-06-07 17:16:54,742: load() 'Jumble found plugin class: <class 'EarthviewDownloader.EarthviewDownloader'>: {'name': 'EarthviewDownloader', 'description': 'Google Earth View Wallpapers', 'author': 'Peter Levi', 'version': '0.1'}'
INFO: 2025-06-07 17:16:54,742: _walk_modules() 'Jumble loading module in ArtStationDownloader from /usr/lib/python3.13/site-packages/variety/plugins/builtin/downloaders/ArtStationDownloader.py'
INFO: 2025-06-07 17:16:54,743: _walk_modules() 'Jumble loading module in QuotationsPageSource from /usr/lib/python3.13/site-packages/variety/plugins/builtin/quotes/QuotationsPageSource.py'
INFO: 2025-06-07 17:16:54,779: load() 'Jumble found plugin class: <class 'QuotationsPageSource.QuotationsPageSource'>: {'name': 'TheQuotationsPage.com', 'description': 'Fetches quotes from TheQuotationsPage.com', 'author': 'Peter Levi', 'version': '0.1'}'
INFO: 2025-06-07 17:16:54,779: _walk_modules() 'Jumble loading module in __init__ from /usr/lib/python3.13/site-packages/variety/plugins/builtin/quotes/__init__.py'
INFO: 2025-06-07 17:16:54,779: _walk_modules() 'Jumble loading module in LocalFilesSource from /usr/lib/python3.13/site-packages/variety/plugins/builtin/quotes/LocalFilesSource.py'
INFO: 2025-06-07 17:16:54,780: load() 'Jumble found plugin class: <class 'LocalFilesSource.LocalFilesSource'>: {'name': 'Local text files', 'description': 'Displays quotes, defined in local text files.\nPut your own txt files in: ~/.config/variety/pluginconfig/quotes/.\nThe file format is:\n\nquote -- author\n.\nsecond quote -- another author\n.\netc...\n\nExample: http://rvelthuis.de/zips/quotes.txt', 'author': 'Peter Levi', 'version': '0.1'}'
INFO: 2025-06-07 17:16:54,780: _walk_modules() 'Jumble loading module in GoodreadsSource from /usr/lib/python3.13/site-packages/variety/plugins/builtin/quotes/GoodreadsSource.py'
INFO: 2025-06-07 17:16:54,780: load() 'Jumble found plugin class: <class 'GoodreadsSource.GoodreadsSource'>: {'name': 'Goodreads', 'description': 'Fetches quotes from Goodreads.com', 'author': 'Peter Levi', 'version': '0.1'}'
INFO: 2025-06-07 17:16:54,781: _walk_modules() 'Jumble loading module in UrbanDictionarySource from /usr/lib/python3.13/site-packages/variety/plugins/builtin/quotes/UrbanDictionarySource.py'
INFO: 2025-06-07 17:16:54,781: load() 'Jumble found plugin class: <class 'UrbanDictionarySource.UrbanDictionarySource'>: {'name': 'Urban Dictionary', 'description': 'Displays definitions from Urban Dictionary', 'author': 'James Miller', 'version': '0.1'}'
INFO: 2025-06-07 17:16:54,781: _walk_modules() 'Jumble loading module in FortuneSource from /usr/lib/python3.13/site-packages/variety/plugins/builtin/quotes/FortuneSource.py'
INFO: 2025-06-07 17:16:54,782: load() 'Jumble found plugin class: <class 'FortuneSource.FortuneSource'>: {'name': 'UNIX fortune program', 'description': 'Displays quotes using the UNIX fortune program. You may want to install additional fortune packs, e.g. fortunes-bofh-excuses.', 'author': 'Dan Jones', 'version': '0.1'}'
INFO: 2025-06-07 17:16:54,782: _walk_modules() 'Jumble loading module in GnomeDisplayModesPlugin from /usr/lib/python3.13/site-packages/variety/plugins/builtin/display_modes/GnomeDisplayModesPlugin.py'
INFO: 2025-06-07 17:16:54,783: load() 'Jumble found plugin class: <class 'GnomeDisplayModesPlugin.GnomeDisplayModesPlugin'>: {'name': 'GnomeDisplayModesPlugin', 'description': 'Display modes relying on the underlying desktop environment', 'version': '1.0', 'author': 'Peter Levi'}'
INFO: 2025-06-07 17:16:54,783: _walk_modules() 'Jumble loading module in ResizingDisplayModesPlugin from /usr/lib/python3.13/site-packages/variety/plugins/builtin/display_modes/ResizingDisplayModesPlugin.py'
INFO: 2025-06-07 17:16:54,783: load() 'Jumble found plugin class: <class 'ResizingDisplayModesPlugin.ResizingDisplayModesPlugin'>: {'name': 'ResizingDisplayModesPlugin', 'description': 'Display modes that use image resizing within Variety', 'version': '1.0', 'author': 'Peter Levi'}'
INFO: 2025-06-07 17:16:54,784: _walk_modules() 'Jumble loading module in __init__ from /usr/lib/python3.13/site-packages/variety/plugins/builtin/display_modes/__init__.py'
INFO: 2025-06-07 17:16:54,784: _walk_modules() 'Jumble loading module in LegacyDisplayModesPlugin from /usr/lib/python3.13/site-packages/variety/plugins/builtin/display_modes/LegacyDisplayModesPlugin.py'
INFO: 2025-06-07 17:16:54,784: load() 'Jumble found plugin class: <class 'LegacyDisplayModesPlugin.LegacyDisplayModesPlugin'>: {'name': 'LegacyDisplayModesPlugin', 'description': 'Legacy display mode for compatibility with past Variety versions', 'version': '1.0', 'author': 'Peter Levi'}'
INFO: 2025-06-07 17:16:54,800: reload_config() 'Creating new downloader for type wallhaven, location space'
INFO: 2025-06-07 17:16:54,800: reload_config() 'Creating new downloader for type wallhaven, location minimal'
INFO: 2025-06-07 17:16:54,800: reload_config() 'Creating new downloader for type wallhaven, location scifi'
INFO: 2025-06-07 17:16:54,800: reload_config() 'Creating new downloader for type wallhaven, location simple'
INFO: 2025-06-07 17:16:54,801: reload_config() 'Creating new downloader for type wallhaven, location abstract'
INFO: 2025-06-07 17:16:54,802: log_options() 'Loaded options:'
INFO: 2025-06-07 17:16:54,802: log_options() 'change_enabled = True'
INFO: 2025-06-07 17:16:54,802: log_options() 'change_interval = 600'
INFO: 2025-06-07 17:16:54,803: log_options() 'change_on_start = False'
INFO: 2025-06-07 17:16:54,803: log_options() 'clipboard_enabled = False'
INFO: 2025-06-07 17:16:54,803: log_options() 'clipboard_hosts = ['wallhaven.cc', 'wallpapers.net', 'flickr.com', 'imgur.com', 'deviantart.com', 'interfacelift.com', 'vladstudio.com', 'imageshack.us', 'deviantart.net', 'imageshack.com']'
INFO: 2025-06-07 17:16:54,803: log_options() 'clipboard_use_whitelist = True'
INFO: 2025-06-07 17:16:54,803: log_options() 'clock_date_font = Serif 30'
INFO: 2025-06-07 17:16:54,803: log_options() 'clock_enabled = False'
INFO: 2025-06-07 17:16:54,803: log_options() 'clock_filter = -density 100 -font `fc-match -f '%{file[0]}' '%CLOCK_FONT_NAME'` -pointsize %CLOCK_FONT_SIZE -gravity SouthEast -fill '#00000044' -annotate 0x0+[%HOFFSET+58]+[%VOFFSET+108] '%H:%M' -fill white -annotate 0x0+[%HOFFSET+60]+[%VOFFSET+110] '%H:%M' -font `fc-match -f '%{file[0]}' '%DATE_FONT_NAME'` -pointsize %DATE_FONT_SIZE -fill '#00000044' -annotate 0x0+[%HOFFSET+58]+[%VOFFSET+58] '%A, %B %d' -fill white -annotate 0x0+[%HOFFSET+60]+[%VOFFSET+60] '%A, %B %d''
INFO: 2025-06-07 17:16:54,803: log_options() 'clock_font = Serif 70'
INFO: 2025-06-07 17:16:54,803: log_options() 'configfile = /home/pd0rk1n/.config/variety/variety.conf'
INFO: 2025-06-07 17:16:54,803: log_options() 'copyto_enabled = False'
INFO: 2025-06-07 17:16:54,803: log_options() 'copyto_folder = Default'
INFO: 2025-06-07 17:16:54,803: log_options() 'desired_color = [160, 160, 160]'
INFO: 2025-06-07 17:16:54,803: log_options() 'desired_color_enabled = False'
INFO: 2025-06-07 17:16:54,803: log_options() 'download_folder = /home/pd0rk1n/.config/variety/Downloaded'
INFO: 2025-06-07 17:16:54,803: log_options() 'download_preference_ratio = 0.9'
INFO: 2025-06-07 17:16:54,803: log_options() 'favorites_folder = /home/pd0rk1n/.config/variety/Favorites'
INFO: 2025-06-07 17:16:54,803: log_options() 'favorites_operations = [['Downloaded', 'Copy'], ['Fetched', 'Move'], ['Others', 'Copy']]'
INFO: 2025-06-07 17:16:54,803: log_options() 'fetched_folder = /home/pd0rk1n/.config/variety/Fetched'
INFO: 2025-06-07 17:16:54,803: log_options() 'filters = [[False, 'Keep original', ''], [False, 'Grayscale', '-type Grayscale'], [False, 'Heavy blur', '-scale 20% -blur 0x10 -resize 500%'], [False, 'Soft blur', '-scale 20% -blur 0x2 -resize 500%'], [False, 'Oil painting', '-paint 8'], [False, 'Pointilism', '-spread 10 -noise 3'], [False, 'Pixellate', '-scale 3% -scale 3333%']]'
INFO: 2025-06-07 17:16:54,803: log_options() 'get_wallpaper_script = /home/pd0rk1n/.config/variety/scripts/get_wallpaper_arco'
INFO: 2025-06-07 17:16:54,803: log_options() 'icon = Light'
INFO: 2025-06-07 17:16:54,803: log_options() 'internet_enabled = True'
INFO: 2025-06-07 17:16:54,803: log_options() 'lightness_enabled = False'
INFO: 2025-06-07 17:16:54,803: log_options() 'lightness_mode = 0'
INFO: 2025-06-07 17:16:54,803: log_options() 'min_rating = 4'
INFO: 2025-06-07 17:16:54,803: log_options() 'min_rating_enabled = False'
INFO: 2025-06-07 17:16:54,803: log_options() 'min_size = 80'
INFO: 2025-06-07 17:16:54,803: log_options() 'min_size_enabled = True'
INFO: 2025-06-07 17:16:54,803: log_options() 'name_regex = .*'
INFO: 2025-06-07 17:16:54,803: log_options() 'name_regex_enabled = False'
INFO: 2025-06-07 17:16:54,803: log_options() 'quota_enabled = True'
INFO: 2025-06-07 17:16:54,803: log_options() 'quota_size = 1000'
INFO: 2025-06-07 17:16:54,803: log_options() 'quotes_authors = '
INFO: 2025-06-07 17:16:54,803: log_options() 'quotes_bg_color = [80, 80, 80]'
INFO: 2025-06-07 17:16:54,803: log_options() 'quotes_bg_opacity = 55'
INFO: 2025-06-07 17:16:54,803: log_options() 'quotes_change_enabled = False'
INFO: 2025-06-07 17:16:54,803: log_options() 'quotes_change_interval = 300'
INFO: 2025-06-07 17:16:54,803: log_options() 'quotes_disabled_sources = ['Urban Dictionary']'
INFO: 2025-06-07 17:16:54,803: log_options() 'quotes_enabled = False'
INFO: 2025-06-07 17:16:54,803: log_options() 'quotes_favorites_file = /home/pd0rk1n/.config/variety/favorite_quotes.txt'
INFO: 2025-06-07 17:16:54,803: log_options() 'quotes_font = Serif 30'
INFO: 2025-06-07 17:16:54,803: log_options() 'quotes_hpos = 100'
INFO: 2025-06-07 17:16:54,803: log_options() 'quotes_max_length = 250'
INFO: 2025-06-07 17:16:54,803: log_options() 'quotes_tags = '
INFO: 2025-06-07 17:16:54,803: log_options() 'quotes_text_color = [255, 255, 255]'
INFO: 2025-06-07 17:16:54,804: log_options() 'quotes_text_shadow = False'
INFO: 2025-06-07 17:16:54,804: log_options() 'quotes_vpos = 40'
INFO: 2025-06-07 17:16:54,804: log_options() 'quotes_width = 70'
INFO: 2025-06-07 17:16:54,804: log_options() 'safe_mode = False'
INFO: 2025-06-07 17:16:54,804: log_options() 'set_wallpaper_script = /home/pd0rk1n/.config/variety/scripts/set_wallpaper_arco'
INFO: 2025-06-07 17:16:54,804: log_options() 'slideshow_custom_enabled = False'
INFO: 2025-06-07 17:16:54,804: log_options() 'slideshow_custom_folder = /home/pd0rk1n/Pictures'
INFO: 2025-06-07 17:16:54,804: log_options() 'slideshow_downloads_enabled = False'
INFO: 2025-06-07 17:16:54,804: log_options() 'slideshow_fade = 0.4'
INFO: 2025-06-07 17:16:54,804: log_options() 'slideshow_favorites_enabled = True'
INFO: 2025-06-07 17:16:54,804: log_options() 'slideshow_mode = Fullscreen'
INFO: 2025-06-07 17:16:54,804: log_options() 'slideshow_monitor = All'
INFO: 2025-06-07 17:16:54,804: log_options() 'slideshow_pan = 0.05'
INFO: 2025-06-07 17:16:54,804: log_options() 'slideshow_seconds = 6.0'
INFO: 2025-06-07 17:16:54,804: log_options() 'slideshow_sort_order = Random'
INFO: 2025-06-07 17:16:54,804: log_options() 'slideshow_sources_enabled = True'
INFO: 2025-06-07 17:16:54,804: log_options() 'slideshow_zoom = 0.2'
INFO: 2025-06-07 17:16:54,804: log_options() 'smart_enabled = False'
INFO: 2025-06-07 17:16:54,804: log_options() 'smart_notice_shown = False'
INFO: 2025-06-07 17:16:54,804: log_options() 'smart_register_shown = False'
INFO: 2025-06-07 17:16:54,804: log_options() 'sources = [[True, 'favorites', 'The Favorites folder'], [False, 'fetched', 'The Fetched folder'], [False, 'folder', '/usr/share/backgrounds'], [False, 'flickr', 'user:www.flickr.com/photos/peter-levi/;user_id:93647178@N00;'], [False, 'apod', "NASA's Astronomy Picture of the Day"], [False, 'bing', 'Bing Photo of the Day'], [False, 'earthview', 'Google Earth View Wallpapers'], [False, 'natgeo', "National Geographic's photo of the day"], [False, 'unsplash', 'High-resolution photos from Unsplash.com'], [True, 'wallhaven', 'space'], [True, 'wallhaven', 'minimal'], [True, 'wallhaven', 'scifi'], [True, 'wallhaven', 'simple'], [True, 'wallhaven', 'abstract'], [True, 'folder', '/home/erik/Templates/wallpapers/wallhaven']]'
INFO: 2025-06-07 17:16:54,804: log_options() 'stats_enabled = True'
INFO: 2025-06-07 17:16:54,804: log_options() 'stats_notice_shown = False'
INFO: 2025-06-07 17:16:54,804: log_options() 'sync_enabled = True'
INFO: 2025-06-07 17:16:54,804: log_options() 'use_landscape_enabled = True'
INFO: 2025-06-07 17:16:54,804: log_options() 'wallhaven_api_key = '
INFO: 2025-06-07 17:16:54,804: log_options() 'wallpaper_auto_rotate = True'
INFO: 2025-06-07 17:16:54,804: log_options() 'wallpaper_display_mode = os'
INFO: 2025-06-07 17:16:54,804: reload_config() 'No need to clear prepared queue'
INFO: 2025-06-07 17:16:54,804: update_indicator() 'Setting file info to: /home/pd0rk1n/.config/variety/Downloaded/wallhaven_scifi/wallhaven-73olje.jpg'
INFO: 2025-06-07 17:16:54,809: load_banned() 'Missing or invalid banned URLs list, no URLs will be banned'
INFO: 2025-06-07 17:16:54,809: load_last_change_time() 'Change interval < 6 hours, ignore persisted last_change_time, wait initially the whole interval: 600'
INFO: 2025-06-07 17:16:54,809: update_indicator() 'Setting file info to: /home/pd0rk1n/.config/variety/Downloaded/wallhaven_scifi/wallhaven-73olje.jpg'
INFO: 2025-06-07 17:16:54,811: regular_change_thread() 'regular_change thread running'
INFO: 2025-06-07 17:16:54,811: prepare_thread() 'Prepare thread running'
INFO: 2025-06-07 17:16:54,812: prepare_thread() 'Prepared buffer contains 0 images'
INFO: 2025-06-07 17:16:54,812: prepare_thread() 'Preparing some images'
INFO: 2025-06-07 17:16:54,815: update_indicator_icon() 'Creating indicator'
WARNING: 2025-06-07 17:16:54,822: create_menu() 'Variety Slideshow is not installed. This is an optional extension adding pan-and-zoom slideshows to Variety: see https://github.com/peterlevi/variety-slideshow for details'
INFO: 2025-06-07 17:16:54,822: create_indicator() 'indicator backend: AyatanaAppIndicator3'
INFO: 2025-06-07 17:16:54,852: set_from_theme_icon() 'Showing indicator icon variety-indicator from GTK theme'
INFO: 2025-06-07 17:16:54,856: prepare_thread() 'After search prepared buffer contains 82 images'
INFO: 2025-06-07 17:16:54,909: do_set_wp() 'Calling do_set_wp with /home/pd0rk1n/.config/variety/Downloaded/wallhaven_scifi/wallhaven-73olje.jpg, time: 1749331014.9096305'
INFO: 2025-06-07 17:16:54,910: apply_auto_rotate() 'ImageMagick auto-rotate cmd: convert /home/pd0rk1n/.config/variety/Downloaded/wallhaven_scifi/wallhaven-73olje.jpg -auto-orient /home/pd0rk1n/.config/variety/wallpaper/wallpaper-auto-rotated-d2faeb22ae8705c877664a08ce4257bf.jpg'
INFO: 2025-06-07 17:16:55,147: update_indicator() 'Setting file info to: /home/pd0rk1n/.config/variety/Downloaded/wallhaven_scifi/wallhaven-73olje.jpg'
INFO: 2025-06-07 17:16:55,149: list_files() 'More than 1 files in the folders, stop listing'
INFO: 2025-06-07 17:16:56,459: reload() 'Reloading preferences dialog'
INFO: 2025-06-07 17:16:56,856: trigger_download() 'Triggering download thread to check if download needed and possible'
INFO: 2025-06-07 17:17:14,812: server_options_thread() 'Fetching server options from https://gist.githubusercontent.com/peterlevi/a7d1dbf3a4e76e15760a/raw/fab10d0ce5cfe66377e7c650be56edb497aabbd4/variety_server_options.json'
INFO: 2025-06-07 17:17:14,939: server_options_thread() 'Fetched server options: {'flickr': {'min_fill_queue_interval': 1200, 'min_download_interval': 1200}, 'wallbase': {'min_fill_queue_interval': 1800, 'min_download_interval': 1800}, 'wallhaven': {'min_fill_queue_interval': 1800, 'min_download_interval': 1800}, 'wallpapers.net': {'min_fill_queue_interval': 601, 'min_download_interval': 0}, 'unsplash': {'min_fill_queue_interval': 20000000000, 'min_download_interval': 20000000000}, 'unsplash_v2': {'min_fill_queue_interval': 3600, 'min_download_interval': 1800}, 'status_message': {'0.0.1': '', '*': ''}}'
INFO: 2025-06-07 17:26:54,809: regular_change_thread() 'regular_change changes wallpaper'
INFO: 2025-06-07 17:26:54,809: set_wallpaper() 'Calling set_wallpaper with /home/pd0rk1n/.config/variety/Downloaded/wallhaven_space/wallhaven-4l8qyy.jpg'
INFO: 2025-06-07 17:26:54,810: prepare_thread() 'Prepared buffer contains 82 images'
INFO: 2025-06-07 17:26:54,811: do_set_wp() 'Calling do_set_wp with /home/pd0rk1n/.config/variety/Downloaded/wallhaven_space/wallhaven-4l8qyy.jpg, time: 1749331614.8110585'
INFO: 2025-06-07 17:26:54,811: apply_auto_rotate() 'ImageMagick auto-rotate cmd: convert /home/pd0rk1n/.config/variety/Downloaded/wallhaven_space/wallhaven-4l8qyy.jpg -auto-orient /home/pd0rk1n/.config/variety/wallpaper/wallpaper-auto-rotated-e6a119f8313212f40b4f78fe03c83ae4.jpg'
INFO: 2025-06-07 17:26:55,023: update_indicator() 'Setting file info to: /home/pd0rk1n/.config/variety/Downloaded/wallhaven_space/wallhaven-4l8qyy.jpg'
INFO: 2025-06-07 17:26:55,023: list_files() 'More than 1 files in the folders, stop listing'
INFO: 2025-06-07 17:26:56,810: trigger_download() 'Triggering download thread to check if download needed and possible'
INFO: 2025-06-07 17:26:56,810: trigger_download() 'Triggering download thread to check if download needed and possible'
INFO: 2025-06-07 17:26:56,811: get_throttling() 'Wallhaven.cc: parsing serverside options'
INFO: 2025-06-07 17:26:56,811: get_throttling() 'Wallhaven.cc serverside options: {'min_fill_queue_interval': 1800, 'min_download_interval': 1800}'
INFO: 2025-06-07 17:26:56,811: get_throttling() 'Wallhaven.cc: parsing serverside options'
INFO: 2025-06-07 17:26:56,811: get_throttling() 'Wallhaven.cc serverside options: {'min_fill_queue_interval': 1800, 'min_download_interval': 1800}'
INFO: 2025-06-07 17:26:56,811: download_one() 'Wallhaven.cc: Downloading an image, config: space'
INFO: 2025-06-07 17:26:56,811: download_one() 'Wallhaven.cc: Queue size: 0'
INFO: 2025-06-07 17:26:56,811: get_throttling() 'Wallhaven.cc: parsing serverside options'
INFO: 2025-06-07 17:26:56,811: get_throttling() 'Wallhaven.cc serverside options: {'min_fill_queue_interval': 1800, 'min_download_interval': 1800}'
INFO: 2025-06-07 17:26:56,811: download_one() 'Wallhaven.cc: Filling queue'
INFO: 2025-06-07 17:26:56,811: search() 'Performing wallhaven search: url=https://wallhaven.cc/api/v1/search?q=space&categories=111&purity=100&sorting=favorites&order=desc'
INFO: 2025-06-07 17:26:57,147: fill_queue() '13288 wallpapers in result, using page 27'
INFO: 2025-06-07 17:26:57,147: search() 'Performing wallhaven search: url=https://wallhaven.cc/api/v1/search?q=space&categories=111&purity=100&sorting=favorites&order=desc&page=27'
INFO: 2025-06-07 17:26:57,298: download_one() 'Wallhaven.cc: Queue populated with 12 URLs'
INFO: 2025-06-07 17:26:57,298: download_queue_item() 'Wallpaper URL: https://wallhaven.cc/w/1kqqrv'
INFO: 2025-06-07 17:26:57,298: download_queue_item() 'Image src URL: https://w.wallhaven.cc/full/1k/wallhaven-1kqqrv.png'
INFO: 2025-06-07 17:26:57,391: save_locally() 'Origin URL: https://wallhaven.cc/w/1kqqrv'
INFO: 2025-06-07 17:26:57,391: save_locally() 'Image URL: https://w.wallhaven.cc/full/1k/wallhaven-1kqqrv.png'
INFO: 2025-06-07 17:26:57,391: save_locally() 'Local path: /home/pd0rk1n/.config/variety/Downloaded/wallhaven_space/wallhaven-1kqqrv.png'
INFO: 2025-06-07 17:26:57,629: save_locally() 'Download complete'
INFO: 2025-06-07 17:26:57,629: update_indicator() 'Setting file info to: /home/pd0rk1n/.config/variety/Downloaded/wallhaven_scifi/wallhaven-73olje.jpg'
INFO: 2025-06-07 17:26:57,632: list_files() 'More than 1 files in the folders, stop listing'
INFO: 2025-06-07 17:26:57,632: download_one_from() 'Adding downloaded file /home/pd0rk1n/.config/variety/Downloaded/wallhaven_space/wallhaven-1kqqrv.png to unseen_downloads'
INFO: 2025-06-07 17:36:57,942: regular_change_thread() 'regular_change changes wallpaper'
INFO: 2025-06-07 17:36:57,943: set_wallpaper() 'Calling set_wallpaper with /home/pd0rk1n/.config/variety/Downloaded/wallhaven_simple/wallhaven-5gxvv3.png'
INFO: 2025-06-07 17:36:57,943: prepare_thread() 'Prepared buffer contains 82 images'
INFO: 2025-06-07 17:36:57,945: do_set_wp() 'Calling do_set_wp with /home/pd0rk1n/.config/variety/Downloaded/wallhaven_simple/wallhaven-5gxvv3.png, time: 1749332217.945621'
INFO: 2025-06-07 17:36:57,946: apply_auto_rotate() 'ImageMagick auto-rotate cmd: convert /home/pd0rk1n/.config/variety/Downloaded/wallhaven_simple/wallhaven-5gxvv3.png -auto-orient /home/pd0rk1n/.config/variety/wallpaper/wallpaper-auto-rotated-10d552e654b5a152b1b5126795f1df27.jpg'
INFO: 2025-06-07 17:36:58,083: update_indicator() 'Setting file info to: /home/pd0rk1n/.config/variety/Downloaded/wallhaven_simple/wallhaven-5gxvv3.png'
INFO: 2025-06-07 17:36:58,084: list_files() 'More than 1 files in the folders, stop listing'
INFO: 2025-06-07 17:36:59,944: trigger_download() 'Triggering download thread to check if download needed and possible'
INFO: 2025-06-07 17:36:59,945: get_throttling() 'Wallhaven.cc: parsing serverside options'
INFO: 2025-06-07 17:36:59,945: get_throttling() 'Wallhaven.cc serverside options: {'min_fill_queue_interval': 1800, 'min_download_interval': 1800}'
INFO: 2025-06-07 17:36:59,945: get_throttling() 'Wallhaven.cc: parsing serverside options'
INFO: 2025-06-07 17:36:59,945: get_throttling() 'Wallhaven.cc serverside options: {'min_fill_queue_interval': 1800, 'min_download_interval': 1800}'
INFO: 2025-06-07 17:36:59,945: download_one() 'Wallhaven.cc: Downloading an image, config: simple'
INFO: 2025-06-07 17:36:59,945: download_one() 'Wallhaven.cc: Queue size: 0'
INFO: 2025-06-07 17:36:59,945: get_throttling() 'Wallhaven.cc: parsing serverside options'
INFO: 2025-06-07 17:36:59,945: trigger_download() 'Triggering download thread to check if download needed and possible'
INFO: 2025-06-07 17:36:59,945: get_throttling() 'Wallhaven.cc serverside options: {'min_fill_queue_interval': 1800, 'min_download_interval': 1800}'
INFO: 2025-06-07 17:36:59,945: download_one() 'Wallhaven.cc: Filling queue'
INFO: 2025-06-07 17:36:59,945: search() 'Performing wallhaven search: url=https://wallhaven.cc/api/v1/search?q=simple&categories=111&purity=100&sorting=favorites&order=desc'
INFO: 2025-06-07 17:37:00,296: fill_queue() '70075 wallpapers in result, using page 9'
INFO: 2025-06-07 17:37:00,296: search() 'Performing wallhaven search: url=https://wallhaven.cc/api/v1/search?q=simple&categories=111&purity=100&sorting=favorites&order=desc&page=9'
INFO: 2025-06-07 17:37:00,508: download_one() 'Wallhaven.cc: Queue populated with 12 URLs'
INFO: 2025-06-07 17:37:00,508: download_queue_item() 'Wallpaper URL: https://wallhaven.cc/w/exq3q8'
INFO: 2025-06-07 17:37:00,508: download_queue_item() 'Image src URL: https://w.wallhaven.cc/full/ex/wallhaven-exq3q8.jpg'
INFO: 2025-06-07 17:37:00,686: save_locally() 'Origin URL: https://wallhaven.cc/w/exq3q8'
INFO: 2025-06-07 17:37:00,686: save_locally() 'Image URL: https://w.wallhaven.cc/full/ex/wallhaven-exq3q8.jpg'
INFO: 2025-06-07 17:37:00,686: save_locally() 'Local path: /home/pd0rk1n/.config/variety/Downloaded/wallhaven_simple/wallhaven-exq3q8.jpg'
INFO: 2025-06-07 17:37:00,867: save_locally() 'Download complete'
INFO: 2025-06-07 17:37:00,867: update_indicator() 'Setting file info to: /home/pd0rk1n/.config/variety/Downloaded/wallhaven_space/wallhaven-4l8qyy.jpg'
INFO: 2025-06-07 17:37:00,868: list_files() 'More than 1 files in the folders, stop listing'
INFO: 2025-06-07 17:37:00,868: download_one_from() 'Adding downloaded file /home/pd0rk1n/.config/variety/Downloaded/wallhaven_simple/wallhaven-exq3q8.jpg to unseen_downloads'
INFO: 2025-06-07 17:47:00,952: regular_change_thread() 'regular_change changes wallpaper'
INFO: 2025-06-07 17:47:00,952: set_wallpaper() 'Calling set_wallpaper with /home/pd0rk1n/.config/variety/Downloaded/wallhaven_simple/wallhaven-dp7gkm.png'
INFO: 2025-06-07 17:47:00,952: prepare_thread() 'Prepared buffer contains 82 images'
INFO: 2025-06-07 17:47:00,953: do_set_wp() 'Calling do_set_wp with /home/pd0rk1n/.config/variety/Downloaded/wallhaven_simple/wallhaven-dp7gkm.png, time: 1749332820.953967'
INFO: 2025-06-07 17:47:00,954: apply_auto_rotate() 'ImageMagick auto-rotate cmd: convert /home/pd0rk1n/.config/variety/Downloaded/wallhaven_simple/wallhaven-dp7gkm.png -auto-orient /home/pd0rk1n/.config/variety/wallpaper/wallpaper-auto-rotated-257f79a173f5d5888687a68c568296df.jpg'
INFO: 2025-06-07 17:47:01,062: update_indicator() 'Setting file info to: /home/pd0rk1n/.config/variety/Downloaded/wallhaven_simple/wallhaven-dp7gkm.png'
INFO: 2025-06-07 17:47:01,064: list_files() 'More than 1 files in the folders, stop listing'
INFO: 2025-06-07 17:47:02,953: trigger_download() 'Triggering download thread to check if download needed and possible'
INFO: 2025-06-07 17:47:02,953: trigger_download() 'Triggering download thread to check if download needed and possible'
INFO: 2025-06-07 17:47:02,954: get_throttling() 'Wallhaven.cc: parsing serverside options'
INFO: 2025-06-07 17:47:02,954: get_throttling() 'Wallhaven.cc serverside options: {'min_fill_queue_interval': 1800, 'min_download_interval': 1800}'
INFO: 2025-06-07 17:47:02,954: get_throttling() 'Wallhaven.cc: parsing serverside options'
INFO: 2025-06-07 17:47:02,954: get_throttling() 'Wallhaven.cc serverside options: {'min_fill_queue_interval': 1800, 'min_download_interval': 1800}'
INFO: 2025-06-07 17:47:02,954: download_one() 'Wallhaven.cc: Downloading an image, config: simple'
INFO: 2025-06-07 17:47:02,954: download_one() 'Wallhaven.cc: Queue size: 11'
INFO: 2025-06-07 17:47:02,954: download_one() 'Wallhaven.cc: Queue populated with 11 URLs'
INFO: 2025-06-07 17:47:02,954: download_queue_item() 'Wallpaper URL: https://wallhaven.cc/w/28zvwx'
INFO: 2025-06-07 17:47:02,954: download_queue_item() 'Image src URL: https://w.wallhaven.cc/full/28/wallhaven-28zvwx.jpg'
INFO: 2025-06-07 17:47:03,142: save_locally() 'Origin URL: https://wallhaven.cc/w/28zvwx'
INFO: 2025-06-07 17:47:03,142: save_locally() 'Image URL: https://w.wallhaven.cc/full/28/wallhaven-28zvwx.jpg'
INFO: 2025-06-07 17:47:03,142: save_locally() 'Local path: /home/pd0rk1n/.config/variety/Downloaded/wallhaven_simple/wallhaven-28zvwx.jpg'
INFO: 2025-06-07 17:47:03,345: save_locally() 'Download complete'
INFO: 2025-06-07 17:47:03,345: update_indicator() 'Setting file info to: /home/pd0rk1n/.config/variety/Downloaded/wallhaven_simple/wallhaven-5gxvv3.png'
INFO: 2025-06-07 17:47:03,347: list_files() 'More than 1 files in the folders, stop listing'
INFO: 2025-06-07 17:47:03,347: prepare_thread() 'Prepared buffer contains 82 images'
INFO: 2025-06-07 17:47:04,348: get_throttling() 'Wallhaven.cc: parsing serverside options'
INFO: 2025-06-07 17:47:04,348: get_throttling() 'Wallhaven.cc serverside options: {'min_fill_queue_interval': 1800, 'min_download_interval': 1800}'
INFO: 2025-06-07 17:47:04,348: get_throttling() 'Wallhaven.cc: parsing serverside options'
INFO: 2025-06-07 17:47:04,348: get_throttling() 'Wallhaven.cc serverside options: {'min_fill_queue_interval': 1800, 'min_download_interval': 1800}'
INFO: 2025-06-07 17:47:04,348: download_one() 'Wallhaven.cc: Downloading an image, config: simple'
INFO: 2025-06-07 17:47:04,348: download_one() 'Wallhaven.cc: Queue size: 10'
INFO: 2025-06-07 17:47:04,348: download_one() 'Wallhaven.cc: Queue populated with 10 URLs'
INFO: 2025-06-07 17:47:04,348: download_queue_item() 'Wallpaper URL: https://wallhaven.cc/w/ox7357'
INFO: 2025-06-07 17:47:04,348: download_queue_item() 'Image src URL: https://w.wallhaven.cc/full/ox/wallhaven-ox7357.jpg'
INFO: 2025-06-07 17:47:04,498: save_locally() 'Origin URL: https://wallhaven.cc/w/ox7357'
INFO: 2025-06-07 17:47:04,498: save_locally() 'Image URL: https://w.wallhaven.cc/full/ox/wallhaven-ox7357.jpg'
INFO: 2025-06-07 17:47:04,498: save_locally() 'Local path: /home/pd0rk1n/.config/variety/Downloaded/wallhaven_simple/wallhaven-ox7357.jpg'
INFO: 2025-06-07 17:47:04,773: save_locally() 'Download complete'
INFO: 2025-06-07 17:47:04,773: update_indicator() 'Setting file info to: /home/pd0rk1n/.config/variety/Downloaded/wallhaven_simple/wallhaven-dp7gkm.png'
INFO: 2025-06-07 17:47:04,776: list_files() 'More than 1 files in the folders, stop listing'
INFO: 2025-06-07 17:47:04,782: purge_downloaded() 'Refreshed download folder size: 818.0448179244995 mb'
INFO: 2025-06-07 17:47:04,782: prepare_thread() 'Prepared buffer contains 82 images'
INFO: 2025-06-07 17:47:05,348: trigger_download() 'Triggering download thread to check if download needed and possible'
INFO: 2025-06-07 17:47:05,783: get_throttling() 'Wallhaven.cc: parsing serverside options'
INFO: 2025-06-07 17:47:05,784: get_throttling() 'Wallhaven.cc serverside options: {'min_fill_queue_interval': 1800, 'min_download_interval': 1800}'
INFO: 2025-06-07 17:47:05,784: get_throttling() 'Wallhaven.cc: parsing serverside options'
INFO: 2025-06-07 17:47:05,784: get_throttling() 'Wallhaven.cc serverside options: {'min_fill_queue_interval': 1800, 'min_download_interval': 1800}'
INFO: 2025-06-07 17:47:05,784: download_one() 'Wallhaven.cc: Downloading an image, config: simple'
INFO: 2025-06-07 17:47:05,784: download_one() 'Wallhaven.cc: Queue size: 9'
INFO: 2025-06-07 17:47:05,784: download_one() 'Wallhaven.cc: Queue populated with 9 URLs'
INFO: 2025-06-07 17:47:05,784: download_queue_item() 'Wallpaper URL: https://wallhaven.cc/w/vqeqw8'
INFO: 2025-06-07 17:47:05,784: download_queue_item() 'Image src URL: https://w.wallhaven.cc/full/vq/wallhaven-vqeqw8.png'
INFO: 2025-06-07 17:47:05,934: save_locally() 'Origin URL: https://wallhaven.cc/w/vqeqw8'
INFO: 2025-06-07 17:47:05,934: save_locally() 'Image URL: https://w.wallhaven.cc/full/vq/wallhaven-vqeqw8.png'
INFO: 2025-06-07 17:47:05,934: save_locally() 'Local path: /home/pd0rk1n/.config/variety/Downloaded/wallhaven_simple/wallhaven-vqeqw8.png'
INFO: 2025-06-07 17:47:06,195: save_locally() 'Download complete'
INFO: 2025-06-07 17:47:06,195: update_indicator() 'Setting file info to: /home/pd0rk1n/.config/variety/Downloaded/wallhaven_simple/wallhaven-dp7gkm.png'
INFO: 2025-06-07 17:47:06,197: list_files() 'More than 1 files in the folders, stop listing'
INFO: 2025-06-07 17:47:06,197: prepare_thread() 'Prepared buffer contains 82 images'
INFO: 2025-06-07 17:47:06,783: trigger_download() 'Triggering download thread to check if download needed and possible'
INFO: 2025-06-07 17:47:07,198: get_throttling() 'Wallhaven.cc: parsing serverside options'
INFO: 2025-06-07 17:47:07,198: get_throttling() 'Wallhaven.cc serverside options: {'min_fill_queue_interval': 1800, 'min_download_interval': 1800}'
INFO: 2025-06-07 17:47:07,198: get_throttling() 'Wallhaven.cc: parsing serverside options'
INFO: 2025-06-07 17:47:07,198: get_throttling() 'Wallhaven.cc serverside options: {'min_fill_queue_interval': 1800, 'min_download_interval': 1800}'
INFO: 2025-06-07 17:47:07,198: download_one() 'Wallhaven.cc: Downloading an image, config: simple'
INFO: 2025-06-07 17:47:07,199: download_one() 'Wallhaven.cc: Queue size: 8'
INFO: 2025-06-07 17:47:07,199: download_one() 'Wallhaven.cc: Queue populated with 8 URLs'
INFO: 2025-06-07 17:47:07,199: download_queue_item() 'Wallpaper URL: https://wallhaven.cc/w/z8rp1j'
INFO: 2025-06-07 17:47:07,199: download_queue_item() 'Image src URL: https://w.wallhaven.cc/full/z8/wallhaven-z8rp1j.jpg'
INFO: 2025-06-07 17:47:07,384: save_locally() 'Origin URL: https://wallhaven.cc/w/z8rp1j'
INFO: 2025-06-07 17:47:07,384: save_locally() 'Image URL: https://w.wallhaven.cc/full/z8/wallhaven-z8rp1j.jpg'
INFO: 2025-06-07 17:47:07,384: save_locally() 'Local path: /home/pd0rk1n/.config/variety/Downloaded/wallhaven_simple/wallhaven-z8rp1j.jpg'
INFO: 2025-06-07 17:47:07,620: save_locally() 'Download complete'
INFO: 2025-06-07 17:47:07,620: update_indicator() 'Setting file info to: /home/pd0rk1n/.config/variety/Downloaded/wallhaven_simple/wallhaven-dp7gkm.png'
INFO: 2025-06-07 17:47:07,624: list_files() 'More than 1 files in the folders, stop listing'
INFO: 2025-06-07 17:47:07,624: prepare_thread() 'Prepared buffer contains 82 images'
INFO: 2025-06-07 17:47:08,197: trigger_download() 'Triggering download thread to check if download needed and possible'
INFO: 2025-06-07 17:47:08,625: get_throttling() 'Wallhaven.cc: parsing serverside options'
INFO: 2025-06-07 17:47:08,626: get_throttling() 'Wallhaven.cc serverside options: {'min_fill_queue_interval': 1800, 'min_download_interval': 1800}'
INFO: 2025-06-07 17:47:08,626: get_throttling() 'Wallhaven.cc: parsing serverside options'
INFO: 2025-06-07 17:47:08,626: get_throttling() 'Wallhaven.cc serverside options: {'min_fill_queue_interval': 1800, 'min_download_interval': 1800}'
INFO: 2025-06-07 17:47:08,626: download_one() 'Wallhaven.cc: Downloading an image, config: simple'
INFO: 2025-06-07 17:47:08,626: download_one() 'Wallhaven.cc: Queue size: 7'
INFO: 2025-06-07 17:47:08,626: download_one() 'Wallhaven.cc: Queue populated with 7 URLs'
INFO: 2025-06-07 17:47:08,626: download_queue_item() 'Wallpaper URL: https://wallhaven.cc/w/zm1dzy'
INFO: 2025-06-07 17:47:08,626: download_queue_item() 'Image src URL: https://w.wallhaven.cc/full/zm/wallhaven-zm1dzy.jpg'
INFO: 2025-06-07 17:47:08,808: save_locally() 'Origin URL: https://wallhaven.cc/w/zm1dzy'
INFO: 2025-06-07 17:47:08,808: save_locally() 'Image URL: https://w.wallhaven.cc/full/zm/wallhaven-zm1dzy.jpg'
INFO: 2025-06-07 17:47:08,808: save_locally() 'Local path: /home/pd0rk1n/.config/variety/Downloaded/wallhaven_simple/wallhaven-zm1dzy.jpg'
INFO: 2025-06-07 17:47:09,141: save_locally() 'Download complete'
INFO: 2025-06-07 17:47:09,141: update_indicator() 'Setting file info to: /home/pd0rk1n/.config/variety/Downloaded/wallhaven_simple/wallhaven-dp7gkm.png'
INFO: 2025-06-07 17:47:09,143: list_files() 'More than 1 files in the folders, stop listing'
INFO: 2025-06-07 17:47:09,143: download_one_from() 'Adding downloaded file /home/pd0rk1n/.config/variety/Downloaded/wallhaven_simple/wallhaven-zm1dzy.jpg to unseen_downloads'
INFO: 2025-06-07 17:47:09,625: trigger_download() 'Triggering download thread to check if download needed and possible'
INFO: 2025-06-07 17:57:04,382: regular_change_thread() 'regular_change changes wallpaper'
INFO: 2025-06-07 17:57:04,383: set_wallpaper() 'Calling set_wallpaper with /home/pd0rk1n/.config/variety/Downloaded/wallhaven_minimal/wallhaven-kxkwod.jpg'
INFO: 2025-06-07 17:57:04,383: prepare_thread() 'Prepared buffer contains 82 images'
INFO: 2025-06-07 17:57:04,384: do_set_wp() 'Calling do_set_wp with /home/pd0rk1n/.config/variety/Downloaded/wallhaven_minimal/wallhaven-kxkwod.jpg, time: 1749333424.3843703'
INFO: 2025-06-07 17:57:04,384: apply_auto_rotate() 'ImageMagick auto-rotate cmd: convert /home/pd0rk1n/.config/variety/Downloaded/wallhaven_minimal/wallhaven-kxkwod.jpg -auto-orient /home/pd0rk1n/.config/variety/wallpaper/wallpaper-auto-rotated-6c52eac9cc713dea5b2114a0bfa9f20c.jpg'
INFO: 2025-06-07 17:57:04,987: update_indicator() 'Setting file info to: /home/pd0rk1n/.config/variety/Downloaded/wallhaven_minimal/wallhaven-kxkwod.jpg'
INFO: 2025-06-07 17:57:04,988: list_files() 'More than 1 files in the folders, stop listing'
INFO: 2025-06-07 17:57:06,383: trigger_download() 'Triggering download thread to check if download needed and possible'
INFO: 2025-06-07 17:57:06,384: trigger_download() 'Triggering download thread to check if download needed and possible'
INFO: 2025-06-07 17:57:06,384: get_throttling() 'Wallhaven.cc: parsing serverside options'
INFO: 2025-06-07 17:57:06,384: get_throttling() 'Wallhaven.cc serverside options: {'min_fill_queue_interval': 1800, 'min_download_interval': 1800}'
INFO: 2025-06-07 17:57:06,384: get_throttling() 'Wallhaven.cc: parsing serverside options'
INFO: 2025-06-07 17:57:06,384: get_throttling() 'Wallhaven.cc serverside options: {'min_fill_queue_interval': 1800, 'min_download_interval': 1800}'
INFO: 2025-06-07 17:57:06,384: download_one() 'Wallhaven.cc: Downloading an image, config: minimal'
INFO: 2025-06-07 17:57:06,384: download_one() 'Wallhaven.cc: Queue size: 0'
INFO: 2025-06-07 17:57:06,384: get_throttling() 'Wallhaven.cc: parsing serverside options'
INFO: 2025-06-07 17:57:06,384: get_throttling() 'Wallhaven.cc serverside options: {'min_fill_queue_interval': 1800, 'min_download_interval': 1800}'
INFO: 2025-06-07 17:57:06,384: download_one() 'Wallhaven.cc: Filling queue'
INFO: 2025-06-07 17:57:06,384: search() 'Performing wallhaven search: url=https://wallhaven.cc/api/v1/search?q=minimal&categories=111&purity=100&sorting=favorites&order=desc'
INFO: 2025-06-07 17:57:06,688: fill_queue() '22581 wallpapers in result, using page 18'
INFO: 2025-06-07 17:57:06,688: search() 'Performing wallhaven search: url=https://wallhaven.cc/api/v1/search?q=minimal&categories=111&purity=100&sorting=favorites&order=desc&page=18'
INFO: 2025-06-07 17:57:06,879: download_one() 'Wallhaven.cc: Queue populated with 12 URLs'
INFO: 2025-06-07 17:57:06,879: download_queue_item() 'Wallpaper URL: https://wallhaven.cc/w/vqow68'
INFO: 2025-06-07 17:57:06,879: download_queue_item() 'Image src URL: https://w.wallhaven.cc/full/vq/wallhaven-vqow68.png'
INFO: 2025-06-07 17:57:07,018: save_locally() 'Origin URL: https://wallhaven.cc/w/vqow68'
INFO: 2025-06-07 17:57:07,019: save_locally() 'Image URL: https://w.wallhaven.cc/full/vq/wallhaven-vqow68.png'
INFO: 2025-06-07 17:57:07,019: save_locally() 'Local path: /home/pd0rk1n/.config/variety/Downloaded/wallhaven_minimal/wallhaven-vqow68.png'
INFO: 2025-06-07 17:57:07,254: save_locally() 'Download complete'
INFO: 2025-06-07 17:57:07,255: update_indicator() 'Setting file info to: /home/pd0rk1n/.config/variety/Downloaded/wallhaven_simple/wallhaven-dp7gkm.png'
INFO: 2025-06-07 17:57:07,257: list_files() 'More than 1 files in the folders, stop listing'
INFO: 2025-06-07 17:57:07,257: download_one_from() 'Adding downloaded file /home/pd0rk1n/.config/variety/Downloaded/wallhaven_minimal/wallhaven-vqow68.png to unseen_downloads'
