'/home/pd0rk1n/.bashrc' -> '/home/pd0rk1n/backups/arch-dotfiles-20250607/.bashrc'
'/home/pd0rk1n/.zshrc' -> '/home/pd0rk1n/backups/arch-dotfiles-20250607/.zshrc'
'/home/pd0rk1n/.zshrc-nemesis' -> '/home/pd0rk1n/backups/arch-dotfiles-20250607/.zshrc-nemesis'
⚠️ Missing .ssh
⚠️ Missing .gnupg
'/home/pd0rk1n/.face' -> '/home/pd0rk1n/backups/arch-dotfiles-20250607/.face'
'/home/pd0rk1n/.screenrc' -> '/home/pd0rk1n/backups/arch-dotfiles-20250607/.screenrc'
⚠️ Missing .fonts
⚠️ Missing .icons
'/home/pd0rk1n/.xsessionrc' -> '/home/pd0rk1n/backups/arch-dotfiles-20250607/.xsessionrc'
⚠️ Missing .local
'/home/pd0rk1n/.bashrc-nemesis' -> '/home/pd0rk1n/backups/arch-dotfiles-20250607/.bashrc-nemesis'
'/home/pd0rk1n/.dmrc' -> '/home/pd0rk1n/backups/arch-dotfiles-20250607/.dmrc'
'/home/pd0rk1n/.gitconfig' -> '/home/pd0rk1n/backups/arch-dotfiles-20250607/.gitconfig'
'/home/pd0rk1n/.gtkrc-2.0' -> '/home/pd0rk1n/backups/arch-dotfiles-20250607/.gtkrc-2.0'
⚠️ Missing .xinitrc
'/home/pd0rk1n/.Xresources' -> '/home/pd0rk1n/backups/arch-dotfiles-20250607/.Xresources'
⚠️ Missing .themes
⚠️ Missing .config
⚠️ fonts missing
'/home/pd0rk1n/.bashrc' -> '/home/pd0rk1n/backups/arch-dotfiles-20250607/.bashrc'
'/home/pd0rk1n/.zshrc' -> '/home/pd0rk1n/backups/arch-dotfiles-20250607/.zshrc'
'/home/pd0rk1n/.zshrc-nemesis' -> '/home/pd0rk1n/backups/arch-dotfiles-20250607/.zshrc-nemesis'
⚠️ Missing .ssh
⚠️ Missing .gnupg
'/home/pd0rk1n/.face' -> '/home/pd0rk1n/backups/arch-dotfiles-20250607/.face'
'/home/pd0rk1n/.screenrc' -> '/home/pd0rk1n/backups/arch-dotfiles-20250607/.screenrc'
⚠️ Missing .fonts
⚠️ Missing .icons
'/home/pd0rk1n/.xsessionrc' -> '/home/pd0rk1n/backups/arch-dotfiles-20250607/.xsessionrc'
⚠️ Missing .local
'/home/pd0rk1n/.bashrc-nemesis' -> '/home/pd0rk1n/backups/arch-dotfiles-20250607/.bashrc-nemesis'
'/home/pd0rk1n/.dmrc' -> '/home/pd0rk1n/backups/arch-dotfiles-20250607/.dmrc'
'/home/pd0rk1n/.gitconfig' -> '/home/pd0rk1n/backups/arch-dotfiles-20250607/.gitconfig'
'/home/pd0rk1n/.gtkrc-2.0' -> '/home/pd0rk1n/backups/arch-dotfiles-20250607/.gtkrc-2.0'
⚠️ Missing .xinitrc
'/home/pd0rk1n/.Xresources' -> '/home/pd0rk1n/backups/arch-dotfiles-20250607/.Xresources'
⚠️ Missing .themes
⚠️ Missing .config
⚠️ fonts missing
