00:00:00.549690 VirtualBox GUI VM Selector Window 7.1.10 r169112 linux.amd64 (Jun  3 2025 19:52:37) release log
00:00:00.549692 Log opened 2025-06-04T23:22:32.595074000Z
00:00:00.549692 Build Type: release
00:00:00.549694 OS Product: Linux
00:00:00.549696 OS Release: 6.14.9-arch1-1
00:00:00.549697 OS Version: #1 SMP PREEMPT_DYNAMIC Thu, 29 May 2025 21:42:15 +0000
00:00:00.549721 DMI Product Name: 10GT002SUS
00:00:00.549729 DMI Product Version: ThinkCentre M700
00:00:00.549734 Firmware type: UEFI
00:00:00.549977 Secure Boot: Disabled
00:00:00.550042 Host RAM: 31995MB (31.2GB) total, 31079MB (30.3GB) available
00:00:00.550044 Executable: /usr/lib/virtualbox/VirtualBox
00:00:00.550045 Process ID: 19912
00:00:00.550045 Package type: LINUX_64BITS_GENERIC (OSE)
00:00:00.550114 Qt version: 6.9.1
00:00:00.551836 GUI: UIMediumEnumerator: Initial medium-enumeration finished!
00:00:00.562275 GUI: UIMediumEnumerator: Medium-enumeration started...
00:00:00.562301 GUI: UIMediumEnumerator: Medium-enumeration finished!
00:00:01.267644 GUI: UIDesktopWidgetWatchdog::sltHandleHostScreenAvailableGeometryCalculated: Screen 0 work area is actually resized to: 960x26 x 940x507
00:00:05.686697 GUI: UICommon: Handling aboutToQuit request..
00:00:06.691960 GUI: UICommon: aboutToQuit request handled!
